# JRE version: Java(TM) SE Runtime Environment (9.0+11) (build 9.0.4+11)
# Java VM: Java HotSpot(TM) 64-Bit Server VM (9.0.4+11, mixed mode, tiered, compressed oops, g1 gc, windows-amd64)
Heap:
 garbage-first heap   total 8192K, used 1949K [0x00000000a0e00000, 0x00000000a0f00040, 0x0000000100000000)
  region size 1024K, 2 young (2048K), 1 survivors (1024K)
 Metaspace       used 8952K, capacity 9196K, committed 9472K, reserved 1083392K
  class space    used 886K, capacity 942K, committed 1024K, reserved 1048576K
GC Heap History (10 events):
Event: 0.268 GC heap before
{Heap before GC invocations=0 (full 0):
 garbage-first heap   total 8192K, used 2048K [0x00000000a0e00000, 0x00000000a0f00040, 0x0000000100000000)
  region size 1024K, 3 young (3072K), 0 survivors (0K)
 Metaspace       used 7762K, capacity 7962K, committed 8064K, reserved 1067008K
  class space    used 760K, capacity 835K, committed 896K, reserved 1048576K
}
Event: 0.270 GC heap after
{Heap after GC invocations=1 (full 0):
 garbage-first heap   total 8192K, used 1298K [0x00000000a0e00000, 0x00000000a0f00040, 0x0000000100000000)
  region size 1024K, 1 young (1024K), 1 survivors (1024K)
 Metaspace       used 7762K, capacity 7962K, committed 8064K, reserved 1067008K
  class space    used 760K, capacity 835K, committed 896K, reserved 1048576K
}
Event: 0.271 GC heap before
{Heap before GC invocations=1 (full 0):
 garbage-first heap   total 8192K, used 1298K [0x00000000a0e00000, 0x00000000a0f00040, 0x0000000100000000)
  region size 1024K, 1 young (1024K), 1 survivors (1024K)
 Metaspace       used 7762K, capacity 7962K, committed 8064K, reserved 1069056K
  class space    used 760K, capacity 835K, committed 896K, reserved 1048576K
}
Event: 0.316 GC heap after
{Heap after GC invocations=2 (full 1):
 garbage-first heap   total 8192K, used 1275K [0x00000000a0e00000, 0x00000000a0f00040, 0x0000000100000000)
  region size 1024K, 0 young (0K), 0 survivors (0K)
 Metaspace       used 7762K, capacity 7962K, committed 8064K, reserved 1069056K
  class space    used 760K, capacity 835K, committed 896K, reserved 1048576K
}
Event: 0.360 GC heap before
{Heap before GC invocations=2 (full 1):
 garbage-first heap   total 8192K, used 1275K [0x00000000a0e00000, 0x00000000a0f00040, 0x0000000100000000)
  region size 1024K, 1 young (1024K), 0 survivors (0K)
 Metaspace       used 8576K, capacity 8774K, committed 8960K, reserved 1075200K
  class space    used 853K, capacity 909K, committed 1024K, reserved 1048576K
}
Event: 0.362 GC heap after
{Heap after GC invocations=3 (full 1):
 garbage-first heap   total 8192K, used 1874K [0x00000000a0e00000, 0x00000000a0f00040, 0x0000000100000000)
  region size 1024K, 1 young (1024K), 1 survivors (1024K)
 Metaspace       used 8576K, capacity 8774K, committed 8960K, reserved 1075200K
  class space    used 853K, capacity 909K, committed 1024K, reserved 1048576K
}
Event: 0.362 GC heap before
{Heap before GC invocations=3 (full 1):
 garbage-first heap   total 8192K, used 1874K [0x00000000a0e00000, 0x00000000a0f00040, 0x0000000100000000)
  region size 1024K, 1 young (1024K), 1 survivors (1024K)
 Metaspace       used 8576K, capacity 8774K, committed 8960K, reserved 1077248K
  class space    used 853K, capacity 909K, committed 1024K, reserved 1048576K
}
Event: 0.371 GC heap after
{Heap after GC invocations=4 (full 2):
 garbage-first heap   total 8192K, used 1800K [0x00000000a0e00000, 0x00000000a0f00040, 0x0000000100000000)
  region size 1024K, 0 young (0K), 0 survivors (0K)
 Metaspace       used 8576K, capacity 8774K, committed 8960K, reserved 1077248K
  class space    used 853K, capacity 909K, committed 1024K, reserved 1048576K
}
Event: 0.381 GC heap before
{Heap before GC invocations=4 (full 2):
 garbage-first heap   total 8192K, used 1800K [0x00000000a0e00000, 0x00000000a0f00040, 0x0000000100000000)
  region size 1024K, 1 young (1024K), 0 survivors (0K)
 Metaspace       used 8868K, capacity 9068K, committed 9216K, reserved 1083392K
  class space    used 881K, capacity 942K, committed 1024K, reserved 1048576K
}
Event: 0.382 GC heap after
{Heap after GC invocations=5 (full 2):
 garbage-first heap   total 8192K, used 1949K [0x00000000a0e00000, 0x00000000a0f00040, 0x0000000100000000)
  region size 1024K, 1 young (1024K), 1 survivors (1024K)
 Metaspace       used 8868K, capacity 9068K, committed 9216K, reserved 1083392K
  class space    used 881K, capacity 942K, committed 1024K, reserved 1048576K
}

